<?xml version="1.0" encoding="UTF-8"?>
<testng-results ignored="0" total="1" passed="1" failed="0" skipped="0">
  <reporter-output>
  </reporter-output>
  <suite started-at="2024-07-02T10:16:42 IST" name="Default suite" finished-at="2024-07-02T10:16:52 IST" duration-ms="9647">
    <groups>
    </groups>
    <test started-at="2024-07-02T10:16:42 IST" name="Default test" finished-at="2024-07-02T10:16:52 IST" duration-ms="9647">
      <class name="com.AlibabaTestScript.TestCase1">
        <test-method is-config="true" signature="configBs()[pri:0, instance:com.AlibabaTestScript.TestCase1@6e171cd7]" started-at="2024-07-02T10:16:39 IST" name="configBs" finished-at="2024-07-02T10:16:42 IST" duration-ms="3315" status="PASS">
          <reporter-output>
          </reporter-output>
        </test-method> <!-- configBs -->
        <test-method is-config="true" signature="configBc()[pri:0, instance:com.AlibabaTestScript.TestCase1@6e171cd7]" started-at="2024-07-02T10:16:42 IST" name="configBc" finished-at="2024-07-02T10:16:51 IST" duration-ms="9023" status="PASS">
          <reporter-output>
          </reporter-output>
        </test-method> <!-- configBc -->
        <test-method signature="tc1()[pri:0, instance:com.AlibabaTestScript.TestCase1@6e171cd7]" started-at="2024-07-02T10:16:51 IST" name="tc1" finished-at="2024-07-02T10:16:51 IST" duration-ms="6" status="PASS">
          <reporter-output>
          </reporter-output>
        </test-method> <!-- tc1 -->
        <test-method is-config="true" signature="configAc()[pri:0, instance:com.AlibabaTestScript.TestCase1@6e171cd7]" started-at="2024-07-02T10:16:51 IST" name="configAc" finished-at="2024-07-02T10:16:52 IST" duration-ms="568" status="PASS">
          <reporter-output>
          </reporter-output>
        </test-method> <!-- configAc -->
        <test-method is-config="true" signature="configAs()[pri:0, instance:com.AlibabaTestScript.TestCase1@6e171cd7]" started-at="2024-07-02T10:16:52 IST" name="configAs" finished-at="2024-07-02T10:16:52 IST" duration-ms="64" status="PASS">
          <reporter-output>
          </reporter-output>
        </test-method> <!-- configAs -->
      </class> <!-- com.AlibabaTestScript.TestCase1 -->
    </test> <!-- Default test -->
  </suite> <!-- Default suite -->
</testng-results>
